<?xml version="1.0" encoding="UTF-8"?>
<testng-results ignored="0" total="1" passed="1" failed="0" skipped="0">
  <reporter-output>
  </reporter-output>
  <suite started-at="2024-07-22T20:01:48 CEST" name="Default suite" finished-at="2024-07-22T20:01:49 CEST" duration-ms="1393">
    <groups>
    </groups>
    <test started-at="2024-07-22T20:01:48 CEST" name="Default test" finished-at="2024-07-22T20:01:49 CEST" duration-ms="1393">
      <class name="com.day1.HTTPRequest">
        <test-method signature="getUser()[pri:0, instance:com.day1.HTTPRequest@4d5d943d]" started-at="2024-07-22T20:01:48 CEST" name="getUser" finished-at="2024-07-22T20:01:49 CEST" duration-ms="1358" status="PASS">
          <reporter-output>
          </reporter-output>
        </test-method> <!-- getUser -->
      </class> <!-- com.day1.HTTPRequest -->
    </test> <!-- Default test -->
  </suite> <!-- Default suite -->
</testng-results>
